<?xml version="1.0" encoding="UTF-8"?>
<Site BuildName="Linux-arm-linux-gnueabihf-g++"
	BuildStamp="20231019-0716-Experimental"
	Name="raspberrypi22"
	Generator="ctest-3.25.1"
	CompilerName="/usr/bin/arm-linux-gnueabihf-g++"
	CompilerVersion=""
	OSName="Linux"
	Hostname="raspberrypi22"
	OSRelease="6.1.0-rpi4-rpi-v8"
	OSVersion="#1 SMP PREEMPT Debian 1:6.1.54-1+rpt2 (2023-10-05)"
	OSPlatform="aarch64"
	Is64Bits="1"
	VendorString=""
	VendorID="Unknown Manufacturer"
	FamilyID="8"
	ModelID="0"
	ProcessorCacheSize="0"
	NumberOfLogicalCPU="4"
	NumberOfPhysicalCPU="1"
	TotalVirtualMemory="99"
	TotalPhysicalMemory="3793"
	LogicalProcessorsPerPhysical="4"
	ProcessorClockFrequency="0"
	>
	<Testing>
		<StartDateTime>Oct 19 17:22 KST</StartDateTime>
		<StartTestTime>1697703759</StartTestTime>
		<TestList>
			<Test>./Test1</Test>
		</TestList>
		<Test Status="passed">
			<Name>Test1</Name>
			<Path>.</Path>
			<FullName>./Test1</FullName>
			<FullCommandLine>/home/team2_2/testGit/RaspberryPi_Check/CMakeEx/build/Exproj</FullCommandLine>
			<Results>
				<NamedMeasurement type="numeric/double" name="Execution Time">
					<Value>100.036</Value>
				</NamedMeasurement>
				<NamedMeasurement type="numeric/double" name="Processors">
					<Value>1</Value>
				</NamedMeasurement>
				<NamedMeasurement type="text/string" name="Completion Status">
					<Value>Completed</Value>
				</NamedMeasurement>
				<NamedMeasurement type="text/string" name="Command Line">
					<Value>/home/team2_2/testGit/RaspberryPi_Check/CMakeEx/build/Exproj</Value>
				</NamedMeasurement>
				<NamedMeasurement type="text/string" name="Environment">
					<Value>#CTEST_RESOURCE_GROUP_COUNT=</Value>
				</NamedMeasurement>
				<Measurement>
					<Value>모든 테스트가 완성되었습니다
</Value>
				</Measurement>
			</Results>
		</Test>
		<EndDateTime>Oct 19 17:24 KST</EndDateTime>
		<EndTestTime>1697703859</EndTestTime>
		<ElapsedMinutes>1</ElapsedMinutes>
	</Testing>
</Site>
