<?xml version="1.0" encoding="UTF-8"?>
<Site BuildName="Linux-arm-linux-gnueabihf-g++"
	BuildStamp="20231019-0716-Experimental"
	Name="raspberrypi22"
	Generator="ctest-3.25.1"
	CompilerName="/usr/bin/arm-linux-gnueabihf-g++"
	CompilerVersion=""
	OSName="Linux"
	Hostname="raspberrypi22"
	OSRelease="6.1.0-rpi4-rpi-v8"
	OSVersion="#1 SMP PREEMPT Debian 1:6.1.54-1+rpt2 (2023-10-05)"
	OSPlatform="aarch64"
	Is64Bits="1"
	VendorString=""
	VendorID="Unknown Manufacturer"
	FamilyID="8"
	ModelID="0"
	ProcessorCacheSize="0"
	NumberOfLogicalCPU="4"
	NumberOfPhysicalCPU="1"
	TotalVirtualMemory="99"
	TotalPhysicalMemory="3793"
	LogicalProcessorsPerPhysical="4"
	ProcessorClockFrequency="0"
	>
	<Testing>
		<StartDateTime>Oct 19 17:46 KST</StartDateTime>
		<StartTestTime>1697705193</StartTestTime>
		<TestList/>
		<EndDateTime>Oct 19 17:46 KST</EndDateTime>
		<EndTestTime>1697705193</EndTestTime>
		<ElapsedMinutes>0</ElapsedMinutes>
	</Testing>
</Site>
